\BOOKMARK [1][-]{Doc-Start}{Introduction}{}% 1
\BOOKMARK [1][-]{Doc-Start}{History and Similar Efforts}{}% 2
\BOOKMARK [1][-]{Doc-Start}{Corpora}{}% 3
\BOOKMARK [1][-]{table.caption.1}{Parsing and Classification}{}% 4
\BOOKMARK [2][-]{section*.2}{Choice of Language}{table.caption.1}% 5
\BOOKMARK [2][-]{section*.2}{Parsing}{table.caption.1}% 6
\BOOKMARK [2][-]{figure.caption.6}{The Tests}{table.caption.1}% 7
\BOOKMARK [2][-]{figure.caption.6}{Classification}{table.caption.1}% 8
\BOOKMARK [3][-]{section*.7}{C4.5}{figure.caption.6}% 9
\BOOKMARK [3][-]{equation.4.5}{Random Forest}{figure.caption.6}% 10
\BOOKMARK [1][-]{equation.4.5}{Grammatical Relations}{}% 11
\BOOKMARK [2][-]{table.caption.10}{Passive Auxiliary}{equation.4.5}% 12
\BOOKMARK [2][-]{figure.caption.11}{Complementizer}{equation.4.5}% 13
\BOOKMARK [2][-]{Item.4}{Copula}{equation.4.5}% 14
\BOOKMARK [2][-]{enums.2}{Determiner and Predeterminer}{equation.4.5}% 15
\BOOKMARK [2][-]{enums.6}{Expletive}{equation.4.5}% 16
\BOOKMARK [2][-]{figure.caption.15}{Multi-Word Expression}{equation.4.5}% 17
\BOOKMARK [2][-]{figure.caption.15}{Noun Compound Modifier}{equation.4.5}% 18
\BOOKMARK [2][-]{Item.11}{Noun Phrase as Adverbial Modifier}{equation.4.5}% 19
\BOOKMARK [2][-]{Item.11}{Parataxis}{equation.4.5}% 20
\BOOKMARK [2][-]{figure.caption.17}{Possession and Possessive Modifiers}{equation.4.5}% 21
\BOOKMARK [2][-]{Item.13}{Phrasal Verb Particle}{equation.4.5}% 22
\BOOKMARK [2][-]{figure.caption.19}{Quantifier Phrase Modifier}{equation.4.5}% 23
\BOOKMARK [2][-]{figure.caption.20}{The Unclassified Dependency}{equation.4.5}% 24
\BOOKMARK [2][-]{figure.caption.20}{Classification Accuracy}{equation.4.5}% 25
\BOOKMARK [1][-]{table.caption.22}{Argument Structure}{}% 26
\BOOKMARK [2][-]{section*.23}{Verbal Arguments}{table.caption.22}% 27
\BOOKMARK [2][-]{table.caption.32}{Classification Accuracy}{table.caption.22}% 28
\BOOKMARK [1][-]{table.caption.34}{Verbs}{}% 29
\BOOKMARK [2][-]{section*.35}{Grammar}{table.caption.34}% 30
\BOOKMARK [2][-]{table.caption.37}{Parsing of Verbs}{table.caption.34}% 31
\BOOKMARK [2][-]{figure.caption.43}{Classification Accuracy}{table.caption.34}% 32
\BOOKMARK [1][-]{table.caption.55}{Learner's Tool}{}% 33
\BOOKMARK [1][-]{figure.caption.56}{Conclusion}{}% 34
